<?xml version="1.0" encoding="UTF-8"?>
<!-- Generated by org.testng.reporters.JUnitXMLReporter -->
<testsuite hostname="Himen-PC" name="Default test" tests="1" failures="0" timestamp="3 Dec 2019 19:12:40 GMT" time="0.075" errors="0">
  <testcase name="@BeforeTest chromeTest" time="0.0" classname="com.selenium.flipkartlogin.CrossBroswerTestScript">
    <failure type="org.testng.TestNGException" message="
Parameter &amp;apos;browser&amp;apos; is required by @Configuration on method chromeTest but has not been marked @Optional or defined
in C:\Users\Himen\AppData\Local\Temp\testng-eclipse-729749883\testng-customsuite.xml">
      <![CDATA[org.testng.TestNGException: 
Parameter 'browser' is required by @Configuration on method chromeTest but has not been marked @Optional or defined
in C:\Users\Himen\AppData\Local\Temp\testng-eclipse-729749883\testng-customsuite.xml
	at org.testng.internal.Parameters.createParameters(Parameters.java:154)
	at org.testng.internal.Parameters.createParameters(Parameters.java:361)
	at org.testng.internal.Parameters.createConfigurationParameters(Parameters.java:84)
	at org.testng.internal.Invoker.invokeConfigurations(Invoker.java:201)
	at org.testng.internal.Invoker.invokeConfigurations(Invoker.java:142)
	at org.testng.TestRunner.beforeRun(TestRunner.java:656)
	at org.testng.TestRunner.run(TestRunner.java:624)
	at org.testng.SuiteRunner.runTest(SuiteRunner.java:366)
	at org.testng.SuiteRunner.runSequentially(SuiteRunner.java:361)
	at org.testng.SuiteRunner.privateRun(SuiteRunner.java:319)
	at org.testng.SuiteRunner.run(SuiteRunner.java:268)
	at org.testng.SuiteRunnerWorker.runSuite(SuiteRunnerWorker.java:52)
	at org.testng.SuiteRunnerWorker.run(SuiteRunnerWorker.java:86)
	at org.testng.TestNG.runSuitesSequentially(TestNG.java:1244)
	at org.testng.TestNG.runSuitesLocally(TestNG.java:1169)
	at org.testng.TestNG.run(TestNG.java:1064)
	at org.testng.remote.RemoteTestNG.run(RemoteTestNG.java:113)
	at org.testng.remote.RemoteTestNG.initAndRun(RemoteTestNG.java:206)
	at org.testng.remote.RemoteTestNG.main(RemoteTestNG.java:177)
]]>
    </failure>
  </testcase> <!-- @BeforeTest chromeTest -->
  <testcase name="@AfterTest closeBrowser" time="0.0" classname="com.selenium.flipkartlogin.CrossBroswerTestScript">
    <skipped/>
  </testcase> <!-- @AfterTest closeBrowser -->
  <testcase name="assignmentExample" time="0.011" classname="com.selenium.flipkartlogin.CrossBroswerTestScript">
    <skipped/>
  </testcase> <!-- assignmentExample -->
</testsuite> <!-- Default test -->
